UI 상 이슈 정리

2019.04.02
	1. 알림톡 미노출 선택시 비활화되는 기능 없음 : 타이틀 추후 협의                                              <-- complete

	2. 타입1~타입6 제목 부분 글자수 넘을 경우 알럿 표시                                                       <-- complete
		제목1 : 최대 한글 6자(띄어쓰기포함)
		제목2 : 최대 한글 12자(띄어쓰기포함)
		제목3 : 최대 한글 14자(띄어쓰기포함)
		footer 하단문구 : 최대 한글 6자 이내(띄어쓰기포함)

	3. 타입1~타입3 이미지 URL1 부분 옆에 미리보기 기능 추가                                                   <-- complete

	4. 타입-2, 타입-5에서 표시단위 텍스트로 넣을수 있게 변경                                                   <-- complete
	ㄴ '원 혹은 원~ 으로 입력' 안내 문구 표시(플레이스 홀더)

	5. 타입-2, 타입-5 '품명'  을  '상품명' 으로 변경                                                       <-- complete

	6. 제목3(선택입력) 으로 변경 + 제목3 부분은 입력안해도 저장 가능하게 변경                                      <-- complete

	7. 타입-2, 타입-5 에서 상품내용 > 이미지 URL 옆 미리보기 기능 추가                                          <-- complete

	8. 타입-3, 타입-6 에서 쿠폰은 최대 3개까지 생성할 수 있는 걸로 세팅                                          <-- complete

	9. 타입-1에서 알림톡타입 다른곳으로 이동했다가 다시 타입1로 와서 이미지URL 입력시 항목추가 버튼이 비활성되어            <-- complete
	   기능 오류 수정

	10. 타입-3, 타입-6 쿠폰 다운받기 노출 부분에서 기본값을 쿠폰 미노출로 디폴트 설정                                <-- complete

	11. 타입-3, 타입-6 쿠폰내용 항목 문구 수정                                                             <-- complete
		1) '문구 1' -> '쿠폰할인정보'
		2) '문구 2' -> '쿠폰명'
		3) '문구 3' -> '쿠폰사용조건'
		4) '문구 4' -> '쿠폰사용기한'

	12. 타입-4 > 안내내용 > 문구 글자수를 최대 한글 24자(띄어쓰기포함) 넘을 경우 문구 제한 알럿 표시                  <-- complete

	13. 타입4 > 안내내용 > 문구정렬 : 센터정렬 하나로 고정(왼쪽 우측 기능 삭제)                                   <-- complete

	14. 타입1~타입6의 상세보기 URL + 상품URL 영역에서 WebURL은 비활성 상태로 변경(입력 못하게)                     <-- complete

	15. 타입1~타입6에서 각 항목값에 싱글따옴표(') 나 쌍따옴표(") 하나라도 들어가면 저장안되게 하는 기능 개발             <-- complete


2019.04.05
	16. 타입3, 타입 6  쿠폰 다운받기 노출 항목  쿠폰 미노출 디폴트 설정                                      <-- complete


	17. 광고표시문구 광고 디폴트 설정                                                                   <-- complete


	18. 타입1 에서 이미지 내용 추가 후, 타입2 /타입5 에서 상품 항목 추가 후,  타입3 / 타입6 쿠폰 항목 추가 후 다른 타입 이동한 다음 다시 돌아왔을 때 항목 추가된게 그대로 남아 있음              <-- complete


	19. 타입 6에서 항목 값 입력 후 저장 시 에러 알럿이 뜨고  다시 저장하면 저장이 되는 문제점 발생                               <-- complete


	20. 타입1 이미지 내용 > 이미지 URL 부분에 'http://' 대신 '500*500 사이즈 이미지 경로 입력' 으로 변경                          <-- complete


	21. 타입2 이미지 내용 > 이미지 URL 부분에 'http://' 대신 '500*240 사이즈 이미지 경로 입력' 으로 변경                          <-- complete


	22. 타입2 상품 내용 > 이미지 URL 부분에 'http://' 대신 '188*188 사이즈 이미지 경로 입력' 으로 변경                          <-- complete


	23. 타입3 이미지 내용 > 이미지 URL 부분에 'http://' 대신 '500*240 사이즈 이미지 경로 입력' 으로 변경                          <-- complete


	24. 타입4에서 항목추가 버튼 삭제                                                                                     <-- complete


	25. 타입5 상품 내용 > 이미지 URL 부분에 'http://' 대신 '188*188 사이즈 이미지 경로 입력' 으로 변경                           <-- complete


	26. 타입1~타입6  '제목1'-> '소타이틀', '제목2' -> '메인문구', '제목3' -> '서브문구'  로 수정                              <-- complete
		방문록 -> 방목록

2019.04.08
	27. placeholder='(문자수 최대 XX)'                                                                          <-- complete


	27. 타입1~타입6 제목1, 제목2, 제목3, 하단문구  필드값 영역에 각각 글자수 제한 표시                                        <-- complete
		ㄴ 제목1 : 문자수 최대 6 / 제목2 : 문자수 최대 12 / 제목3 : 문자수 최대 14 / 하단문구 : 문자수 최대 6


	28. 타입2, 타입3 이미지 내용 + 타입4 안내내용의  항목추가 버튼 삭제                                                <-- complete


	28. 타입1~타입6 하단내용 WEB URL 영역(타입2와5는 상품 WEB URL도 함께) 활성화시키고 해당 필드값에 '모바일 URL 입력' 기입     <-- complete

2019.04.09
	<-- 요청사항 : 수정사항 앞에 기입날짜를 추가해주세요.

	29. 타입6  쿠폰내용 > '쿠폰' 항목을 '쿠폰명'으로 수정                                                         <-- complete

2019.04.10

	30. 캠페인 리스트 > 하단: 일정탭 : 멀티셀렉트 기능 구현                                                   <-- complete

	31. 캠페인 리스트의 pagination 기능 구현                                                             <-- complete

	32. 캠페인 쿠폰 복사기능 구현                                                                        <-- complete



2019.04.11

	33. CI 일정 부분 페이지네이션 작업 요청 : 한번에 최대 10개까지 일정 노출, 한 화면에 10개 단위 페이지 나오게 개발      <-- complete


	34. CI 리스트 목록에서 하위 카테고리 이동시 해당 페이지 내용에 맞는 페이지네이션 싱크 수정                         <-- complete


	35. 캠페인 리스트 화면에서 캠페인 항목을 선택했을 시에 쿠폰이 자동으로 추가 생성이 되는 로직을 제거                   <-- complete
		com.skplanet.sascm.controller.CampaignController.java : 467


	36. 캠페인 리스트 화면에서 목록읭 갯수를 100으로 변경                                                     <-- complete
		com.skplanet.sascm.controller.CampaignController.java : 141

2019.04.16

	37. 타입2, 타입5에서 상품을 4개 이상 등록하려고 하면 알럿창에 에러가 뜨면서 저장이 안됨                           <-- complete
		[ 적용 소스 ]
		ver01/SasCampaign11st/src/main/java/com/skplanet/sascm/dao/ChannelDAO.java
		ver01/SasCampaign11st/src/main/java/com/skplanet/sascm/daoimpl/ChannelDAOImpl.java
		ver01/SasCampaign11st/src/main/java/com/skplanet/sascm/service/ChannelService.java
		ver01/SasCampaign11st/src/main/java/com/skplanet/sascm/serviceimpl/ChannelServiceImpl.java
		ver01/SasCampaign11st/src/main/java/com/skplanet/sascm/controller/ChannelController.java

		ver01/SasCampaign11st/src/main/resources/mapper/channel_SQL.xml
		ver01/SasCampaign11st/src/main/resources/mapper/CampaignContent_SQL.xml

		ver01/SasCampaign11st/src/main/webapp/WEB-INF/views/channel/channelMobile.jsp
		ver01/SasCampaign11st/src/main/webapp/WEB-INF/views/common/_footer.jsp


2019.04.25

	38. 포인트 기능 추가                                                                              <-- complete
		[ 적용 방법 ] 공통코드관리에서 아래와 같이 작업을 한다.
			1. C002 오퍼종류: PN -> 'Y' : 포인트 항목을 살린다.
			2. PN   포인트                공통코드 추가
			3. 포인트의 상세항목들을 아래와 같이 추가
				PN1 포인트1
				PN2 포인트2
				PN3 포인트3
				PN4 포인트4
				PN5 포인트5

		[ 관련 테이블 ]
			CM_CAMPAIGN_OFFER
			CM_CAMPAIGN_CONTENTS
			CM_CAMPAIGN_CONTENTS_OFFERLIST


	39. 타입1~타입6 제목1, 제목2, 제목3  글자수 한도 변경                                                   <-- complete
		ㄴ 제목1 : 문자수 최대 8 / 제목2 : 문자수 최대 16 / 제목3 : 문자수 최대 20


	40. 타입-4 > 안내내용 > 문구 글자수를 최대 한글 36자(띄어쓰기포함) 까지로 한도 변경                            <-- complete
		39, 40 --> WEB-INF/views/channel/channelMobile.jsp


	41. 알리미 테스트 발송 개발 지원                                                                     <-- complete


2019.04.29

	42. 개발소스 운영에 이관작업 (37번 소스와 같이 이관작업을 처리)                                             <-- complete
		ver01/SasCampaign11st/src/main/java/com/skplanet/sascm/controller/ChannelController.java
		
		ver01/SasCampaign11st/src/main/webapp/WEB-INF/views/contents/CampaignContent.jsp
		ver01/SasCampaign11st/src/main/webapp/WEB-INF/views/commCode/commCodeList.jsp
		ver01/SasCampaign11st/src/main/webapp/WEB-INF/views/channel/channelAlimiTestSend.jsp
		ver01/SasCampaign11st/src/main/webapp/WEB-INF/views/channel/channelMobile.jsp
		
		ver01/SasCampaign11st/src/main/webapp/js/common/common.js
		
		ver01/SasCampaign11st/src/main/resources/mapper/testTarget_SQL.xml
		ver01/SasCampaign11st/src/main/resources/mapper/commCode_SQL.xml

		[ 적용 소스 ]
		ver01/SasCampaign11st/src/main/resources/mapper/CampaignContent_SQL.xml
		ver01/SasCampaign11st/src/main/resources/mapper/channel_SQL.xml
		ver01/SasCampaign11st/src/main/resources/mapper/commCode_SQL.xml
		ver01/SasCampaign11st/src/main/resources/mapper/testTarget_SQL.xml

		ver01/SasCampaign11st/src/main/java/com/skplanet/sascm/dao/ChannelDAO.java
		ver01/SasCampaign11st/src/main/java/com/skplanet/sascm/daoimpl/ChannelDAOImpl.java
		ver01/SasCampaign11st/src/main/java/com/skplanet/sascm/service/ChannelService.java
		ver01/SasCampaign11st/src/main/java/com/skplanet/sascm/serviceimpl/ChannelServiceImpl.java
		ver01/SasCampaign11st/src/main/java/com/skplanet/sascm/controller/ChannelController.java

		ver01/SasCampaign11st/src/main/webapp/WEB-INF/views/channel/channelAlimiTestSend.jsp
		ver01/SasCampaign11st/src/main/webapp/WEB-INF/views/channel/channelMobile.jsp
		ver01/SasCampaign11st/src/main/webapp/WEB-INF/views/commCode/commCodeList.jsp
		ver01/SasCampaign11st/src/main/webapp/WEB-INF/views/common/_footer.jsp
		ver01/SasCampaign11st/src/main/webapp/WEB-INF/views/contents/CampaignContent.jsp

		ver01/SasCampaign11st/src/main/webapp/js/common/common.js


2019.05.30

	43. (신)알리미 등록창에서 이미지 URL 등록창에 공백이 있을 경우 혜택톡 미발송 처리가 되는 문제점이 있어           <-- complete: channelMobile.jsp
		등록상의 오류를 줄이기 위한 화면개발 작업을 요청드리기 위해 메일 전달 드립니다.
		 
		수정 요청사항은 하기와 같으니 해당 부분도 작업일정 확인하셔서 회신 부탁드리겠습니다.
		 
		■ 화면개발수정요청내용 : 하기 영역 필드값에 공백이 있을 경우 알럿창 및 알럿 문구생성(“공백은 제외해 주세요”)
		1)     이미지내용 > 이미지URL : 타입1/타입2/타입3
		2)     하단내용 > MOBILE URL / WEB URL : 타입1/타입2/타입3/타입4/타입5/타입6
		3)     상품내용 > MOBILE URL / WEB URL : 타입2/타입5
		4)     상품내용 > 상품이미지 URL : 타입2/타입5



2019.06.14

	44. 11번가의 11페이포인트의 변경 요청 내용은,                                                      <-- complete

		**기존 오퍼종류코드 PN  ==> PT  으로 변경함
		
		그래서 김영천 생각에는 
		
		1) contents영역에서 URL 주소 변경 -> 추가
			http://11campb-operwb:7980/SASCampaign/contents/offerPoint.do
			===>
			http://11campb-operwb:7980/SASCampaign/contents/offePTPoint.do
		
		2) offer영역에서 URL 주소 변경 -> 추가
			http://11campb-operwb:7980/SASCampaign/offer/offerPoint.do
			===>
			http://11campb-operwb:7980/SASCampaign/offer/offerPTPoint.do
		
		3) 화면영역에서 표시 수정 
			오퍼 상세 정보  (OM PN)
			===> 
			오퍼 상세 정보  (OM PT)
		
		4) 기타
			공통코드 영역에서 코드 값 변경은 SAS에서 담당

		아래의 정보를 이용하여 작업한다.
		
			[ 적용 방법 ] 공통코드관리에서 아래와 같이 작업을 한다.
				1. C002 오퍼종류: PN -> 'Y' : 포인트 항목을 살린다.
				2. PN   포인트                공통코드 추가
				3. 포인트의 상세항목들을 아래와 같이 추가
					PN1 포인트1
					PN2 포인트2
					PN3 포인트3
					PN4 포인트4
					PN5 포인트5
	
			[ 관련 테이블 ]
				CM_CAMPAIGN_OFFER
				CM_CAMPAIGN_CONTENTS
				CM_CAMPAIGN_CONTENTS_OFFERLIST

		--------------------------------------------------------------------------------
		--------------------------------------------------------------------------------
			
			select * from cm_code_mst where 1=1 order by sort_seq;
			select * from cm_code_dtl where comm_code_id = 'C002' order by sort_seq;
			
			--------------------------------------------------------------------------------
			
			insert into cm_code_mst (comm_code_id, comm_code_name, code_desc, sort_seq, use_yn, create_id, create_dt) values ('PT', '11페이포인트', '11페이포인트', 44, 'Y', 42, '2019/05/30');
			insert into cm_code_mst (comm_code_id, comm_code_name, code_desc, sort_seq, use_yn, create_id, create_dt) values ('MI', '마일리지', '마일리지', 45, 'Y', 42, '2019/05/30');
			
			insert into cm_code_dtl (comm_code_id, code_id, code_name, code_desc, sort_seq, use_yn, create_id, create_dt) values ('C002', 'PT', '11페이포인트', '11페이포인트', 7, 'Y', 42, '2019/05/30');
			insert into cm_code_dtl (comm_code_id, code_id, code_name, code_desc, sort_seq, use_yn, create_id, create_dt) values ('PT', 'PT1', '11페이포인트1', '11페이포인트1', 1, 'Y', 42, '2019/05/30');
			insert into cm_code_dtl (comm_code_id, code_id, code_name, code_desc, sort_seq, use_yn, create_id, create_dt) values ('PT', 'PT2', '11페이포인트2', '11페이포인트2', 2, 'Y', 42, '2019/05/30');
			insert into cm_code_dtl (comm_code_id, code_id, code_name, code_desc, sort_seq, use_yn, create_id, create_dt) values ('PT', 'PT3', '11페이포인트3', '11페이포인트3', 3, 'Y', 42, '2019/05/30');
			insert into cm_code_dtl (comm_code_id, code_id, code_name, code_desc, sort_seq, use_yn, create_id, create_dt) values ('PT', 'PT4', '11페이포인트4', '11페이포인트4', 4, 'Y', 42, '2019/05/30');
			insert into cm_code_dtl (comm_code_id, code_id, code_name, code_desc, sort_seq, use_yn, create_id, create_dt) values ('PT', 'PT5', '11페이포인트5', '11페이포인트5', 5, 'Y', 42, '2019/05/30');
		--------------------------------------------------------------------------------
		--------------------------------------------------------------------------------
		운영 적용)
			/controller/
				CampaignContentController.java
				CampaignController.java
				OfferController.java
			
			/mapper/
				CampaignContent_SQL.xml
				campaignInfo_SQL.xml
				channel_SQL.xml
				member_SQL.xml
				Schedule_SQL.xml
			
			/views/campaign/
				campaignList.jsp
				
			/views/contents/
				CampaignContent.jsp
				offerPTPoint.jsp
				
			/views/offer/
				offerPTPoint.jsp
		
		--------------------------------------------------------------------------------
		--------------------------------------------------------------------------------
		
2019.07.07

	45. 배치처리시 Email 발송이 안됨                                               <-- complete
		- 운영 테이블과 개발 테이블의 테이블 구조를 확인한다.
		- Email 발송과 관련된 테이블과 해당 필드를 확인한다.
			CM_CAMPAIGN_CHANNEL    EMAIL_EDIT_YN (?)
		
		- 아니면 신규 필드이면 SQL를 확인하여 필드추가 작업을 확인하여 mapper_SQL을 수정한다.














































